<?xml version="1.0" encoding="UTF-8"?>
<testng-results ignored="0" total="0" passed="0" failed="0" skipped="0">
  <reporter-output>
  </reporter-output>
  <suite started-at="2022-03-15T16:10:51 IST" name="com.tutorialsninja.automation.runner.TestRunner" finished-at="2022-03-15T16:10:51 IST" duration-ms="6">
    <groups>
    </groups>
    <test started-at="2022-03-15T16:10:51 IST" name="Command line test" finished-at="2022-03-15T16:10:51 IST" duration-ms="6">
    </test> <!-- Command line test -->
  </suite> <!-- com.tutorialsninja.automation.runner.TestRunner -->
</testng-results>
